<?xml version="1.0" encoding="UTF-8"?>
<testng-results ignored="0" total="1" passed="1" failed="0" skipped="0">
  <reporter-output>
  </reporter-output>
  <suite started-at="2024-09-16T12:50:06 IST" name="Default suite" finished-at="2024-09-16T12:50:09 IST" duration-ms="2843">
    <groups>
    </groups>
    <test started-at="2024-09-16T12:50:06 IST" name="Default test" finished-at="2024-09-16T12:50:09 IST" duration-ms="2843">
      <class name="com.cjc.test.LoginPageMTTest">
        <test-method is-config="true" signature="beforeSuite()[pri:0, instance:com.cjc.test.LoginPageMTTest@694abbdc]" started-at="2024-09-16T12:50:04 IST" name="beforeSuite" finished-at="2024-09-16T12:50:06 IST" duration-ms="2880" status="PASS">
          <reporter-output>
          </reporter-output>
        </test-method> <!-- beforeSuite -->
        <test-method is-config="true" signature="enterUrl()[pri:0, instance:com.cjc.test.LoginPageMTTest@694abbdc]" started-at="2024-09-16T12:50:06 IST" name="enterUrl" finished-at="2024-09-16T12:50:08 IST" duration-ms="1360" status="PASS">
          <reporter-output>
          </reporter-output>
        </test-method> <!-- enterUrl -->
        <test-method is-config="true" signature="maximizeBrowser()[pri:0, instance:com.cjc.test.LoginPageMTTest@694abbdc]" started-at="2024-09-16T12:50:08 IST" name="maximizeBrowser" finished-at="2024-09-16T12:50:08 IST" duration-ms="48" status="PASS">
          <reporter-output>
          </reporter-output>
        </test-method> <!-- maximizeBrowser -->
        <test-method is-config="true" signature="getCookies()[pri:0, instance:com.cjc.test.LoginPageMTTest@694abbdc]" started-at="2024-09-16T12:50:08 IST" name="getCookies" finished-at="2024-09-16T12:50:08 IST" duration-ms="50" status="PASS">
          <reporter-output>
          </reporter-output>
        </test-method> <!-- getCookies -->
        <test-method signature="loginTestMethod1()[pri:0, instance:com.cjc.test.LoginPageMTTest@694abbdc]" started-at="2024-09-16T12:50:08 IST" name="loginTestMethod1" finished-at="2024-09-16T12:50:09 IST" duration-ms="892" status="PASS">
          <reporter-output>
          </reporter-output>
        </test-method> <!-- loginTestMethod1 -->
        <test-method is-config="true" signature="captureScreenshot()[pri:0, instance:com.cjc.test.LoginPageMTTest@694abbdc]" started-at="2024-09-16T12:50:09 IST" name="captureScreenshot" finished-at="2024-09-16T12:50:09 IST" duration-ms="423" status="PASS">
          <reporter-output>
          </reporter-output>
        </test-method> <!-- captureScreenshot -->
        <test-method is-config="true" signature="deleteCookies()[pri:0, instance:com.cjc.test.LoginPageMTTest@694abbdc]" started-at="2024-09-16T12:50:09 IST" name="deleteCookies" finished-at="2024-09-16T12:50:09 IST" duration-ms="19" status="PASS">
          <reporter-output>
          </reporter-output>
        </test-method> <!-- deleteCookies -->
        <test-method is-config="true" signature="dbClose()[pri:0, instance:com.cjc.test.LoginPageMTTest@694abbdc]" started-at="2024-09-16T12:50:09 IST" name="dbClose" finished-at="2024-09-16T12:50:09 IST" duration-ms="0" status="PASS">
          <reporter-output>
          </reporter-output>
        </test-method> <!-- dbClose -->
        <test-method is-config="true" signature="browserClose()[pri:0, instance:com.cjc.test.LoginPageMTTest@694abbdc]" started-at="2024-09-16T12:50:09 IST" name="browserClose" finished-at="2024-09-16T12:50:10 IST" duration-ms="126" status="PASS">
          <reporter-output>
          </reporter-output>
        </test-method> <!-- browserClose -->
      </class> <!-- com.cjc.test.LoginPageMTTest -->
    </test> <!-- Default test -->
  </suite> <!-- Default suite -->
</testng-results>
